<?xml version="1.0" encoding="UTF-8"?>
<!-- Generated by org.testng.reporters.JUnitReportReporter -->
<testsuite hostname="AXM" failures="0" tests="1" name="seleniumtask.TestClass" time="0.000" errors="0" timestamp="2024-11-08T13:07:53 IST" skipped="1">
  <testcase classname="seleniumtask.TestClass" name="saucetest" time="0.000">
    <skipped/>
  </testcase> <!-- saucetest -->
  <system-out/>
</testsuite> <!-- seleniumtask.TestClass -->
