<?xml version="1.0" encoding="UTF-8"?>
<!-- Generated by org.testng.reporters.JUnitReportReporter -->
<testsuite hostname="AXM" failures="0" tests="1" name="test.Windowdetails" time="7.715" errors="0" timestamp="2024-11-06T14:19:08 IST" skipped="0">
  <testcase classname="test.Windowdetails" name="test" time="7.715"/>
  <system-out/>
</testsuite> <!-- test.Windowdetails -->
