<?xml version="1.0" encoding="UTF-8"?>
<!-- Generated by org.testng.reporters.JUnitReportReporter -->
<testsuite hostname="AXM" failures="0" tests="1" name="task.Amazon" time="14.568" errors="0" timestamp="2024-11-06T14:57:28 IST" skipped="0">
  <testcase classname="task.Amazon" name="test" time="14.568"/>
  <system-out/>
</testsuite> <!-- task.Amazon -->
