<?xml version="1.0" encoding="UTF-8"?>
<!-- Generated by org.testng.reporters.JUnitReportReporter -->
<testsuite hostname="AXM" failures="0" tests="6" name="testngpackpkg.TestNgdeno" time="0.062" errors="0" timestamp="2024-11-06T13:14:49 IST" skipped="0">
  <testcase classname="testngpackpkg.TestNgdeno" name="test3" time="0.024"/>
  <system-out/>
  <testcase classname="testngpackpkg.TestNgdeno" name="test1" time="0.009"/>
  <system-out/>
  <testcase classname="testngpackpkg.TestNgdeno" name="test1" time="0.013"/>
  <system-out/>
  <testcase classname="testngpackpkg.TestNgdeno" name="test1" time="0.004"/>
  <system-out/>
  <testcase classname="testngpackpkg.TestNgdeno" name="test4" time="0.005"/>
  <system-out/>
  <testcase classname="testngpackpkg.TestNgdeno" name="test2" time="0.007"/>
  <system-out/>
</testsuite> <!-- testngpackpkg.TestNgdeno -->
