<?xml version="1.0" encoding="UTF-8"?>
<!-- Generated by org.testng.reporters.JUnitReportReporter -->
<testsuite hostname="AXM" failures="0" tests="1" name="testngpackpkg.Copypaste" time="0.529" errors="0" timestamp="2024-11-14T10:36:24 IST" skipped="0">
  <testcase classname="testngpackpkg.Copypaste" name="test" time="0.529"/>
  <system-out/>
</testsuite> <!-- testngpackpkg.Copypaste -->
