<?xml version="1.0" encoding="UTF-8"?>
<!-- Generated by org.testng.reporters.JUnitReportReporter -->
<testsuite hostname="AXM" failures="0" tests="1" name="testngpackpkg.LoginValidation" time="7.270" errors="0" timestamp="2024-10-28T14:17:14 IST" skipped="0">
  <testcase classname="testngpackpkg.LoginValidation" name="main" time="7.270"/>
  <system-out/>
</testsuite> <!-- testngpackpkg.LoginValidation -->
